{"level":"info","message":"Server running on port 3001 in development mode","service":"tradenavigator-api","timestamp":"2025-09-07T04:19:57.896Z"}
{"level":"info","message":"MongoDB connected successfully","service":"tradenavigator-api","timestamp":"2025-09-07T04:19:58.413Z"}
{"level":"info","message":"MongoDB ping successful","service":"tradenavigator-api","timestamp":"2025-09-07T04:19:58.455Z"}
{"level":"info","message":"Server running on port 3001 in development mode","service":"tradenavigator-api","timestamp":"2025-09-07T04:23:30.587Z"}
{"level":"info","message":"MongoDB connected successfully","service":"tradenavigator-api","timestamp":"2025-09-07T04:23:31.107Z"}
{"level":"info","message":"MongoDB ping successful","service":"tradenavigator-api","timestamp":"2025-09-07T04:23:31.151Z"}
{"level":"info","message":"Server running on port 3001 in development mode","service":"tradenavigator-api","timestamp":"2025-09-07T04:30:36.131Z"}
{"level":"info","message":"MongoDB connected successfully","service":"tradenavigator-api","timestamp":"2025-09-07T04:30:37.044Z"}
{"level":"info","message":"Server running on port 3001 in development mode","service":"tradenavigator-api","timestamp":"2025-09-07T04:31:04.027Z"}
{"level":"info","message":"MongoDB connected successfully","service":"tradenavigator-api","timestamp":"2025-09-07T04:31:04.545Z"}
{"level":"info","message":"MongoDB ping successful","service":"tradenavigator-api","timestamp":"2025-09-07T04:31:04.589Z"}
{"level":"info","message":"Server running on port 3001 in development mode","service":"tradenavigator-api","timestamp":"2025-09-07T04:38:01.517Z"}
{"level":"info","message":"MongoDB connected successfully","service":"tradenavigator-api","timestamp":"2025-09-07T04:38:02.657Z"}
{"level":"info","message":"MongoDB ping successful","service":"tradenavigator-api","timestamp":"2025-09-07T04:38:02.699Z"}
{"level":"info","message":"POST /api/auth/signup - ::1","service":"tradenavigator-api","timestamp":"2025-09-07T04:38:53.035Z"}
{"level":"info","message":"POST /api/auth/signup - ::1","service":"tradenavigator-api","timestamp":"2025-09-07T04:39:04.804Z"}
{"level":"info","message":"POST /api/auth/signup - ::1","service":"tradenavigator-api","timestamp":"2025-09-07T04:39:21.076Z"}
{"level":"info","message":"New user registered: tb123983@gmail.com","service":"tradenavigator-api","timestamp":"2025-09-07T04:39:21.250Z"}
{"level":"info","message":"GET /api/auth/profile - ::1","service":"tradenavigator-api","timestamp":"2025-09-07T04:39:27.761Z"}
{"level":"info","message":"GET /api/auth/profile - ::1","service":"tradenavigator-api","timestamp":"2025-09-07T04:39:27.763Z"}
{"level":"info","message":"POST /api/auth/signin - ::1","service":"tradenavigator-api","timestamp":"2025-09-07T04:40:01.622Z"}
{"level":"info","message":"User signed in: tb123983@gmail.com","service":"tradenavigator-api","timestamp":"2025-09-07T04:40:01.726Z"}
{"level":"info","message":"GET /api/auth/profile - ::1","service":"tradenavigator-api","timestamp":"2025-09-07T04:47:23.621Z"}
{"level":"info","message":"GET /api/auth/profile - ::1","service":"tradenavigator-api","timestamp":"2025-09-07T04:47:23.623Z"}
{"level":"info","message":"GET /api/relief-schemes - ::1","service":"tradenavigator-api","timestamp":"2025-09-07T04:49:46.419Z"}
{"level":"info","message":"GET /api/relief-schemes - ::1","service":"tradenavigator-api","timestamp":"2025-09-07T04:49:46.422Z"}
{"level":"info","message":"Server running on port 3001 in development mode","service":"tradenavigator-api","timestamp":"2025-09-07T04:50:31.934Z"}
{"level":"info","message":"MongoDB connected successfully","service":"tradenavigator-api","timestamp":"2025-09-07T04:50:32.729Z"}
{"level":"info","message":"MongoDB ping successful","service":"tradenavigator-api","timestamp":"2025-09-07T04:50:32.770Z"}
{"level":"info","message":"GET /api/relief-schemes - ::1","service":"tradenavigator-api","timestamp":"2025-09-07T04:50:45.662Z"}
{"level":"info","message":"GET /api/relief-schemes - ::1","service":"tradenavigator-api","timestamp":"2025-09-07T04:50:45.666Z"}
{"level":"info","message":"GET /api/relief-schemes - ::1","service":"tradenavigator-api","timestamp":"2025-09-07T04:50:51.430Z"}
{"level":"info","message":"GET /api/relief-schemes - ::1","service":"tradenavigator-api","timestamp":"2025-09-07T04:50:51.432Z"}
{"level":"info","message":"GET /api/relief-schemes - ::1","service":"tradenavigator-api","timestamp":"2025-09-07T04:52:18.526Z"}
{"level":"info","message":"GET /api/relief-schemes - ::1","service":"tradenavigator-api","timestamp":"2025-09-07T04:52:18.528Z"}
{"level":"info","message":"GET /api/relief-schemes - ::1","service":"tradenavigator-api","timestamp":"2025-09-07T04:52:29.193Z"}
{"level":"info","message":"GET /api/relief-schemes - ::1","service":"tradenavigator-api","timestamp":"2025-09-07T04:52:29.196Z"}
{"level":"info","message":"GET /api/relief-schemes - ::1","service":"tradenavigator-api","timestamp":"2025-09-07T04:52:40.766Z"}
{"level":"info","message":"GET /api/relief-schemes - ::1","service":"tradenavigator-api","timestamp":"2025-09-07T04:52:40.767Z"}
{"level":"info","message":"GET /api/relief-schemes - ::1","service":"tradenavigator-api","timestamp":"2025-09-07T04:52:50.743Z"}
{"level":"info","message":"GET /api/relief-schemes - ::1","service":"tradenavigator-api","timestamp":"2025-09-07T04:52:50.744Z"}
{"level":"info","message":"Server running on port 3001 in development mode","service":"tradenavigator-api","timestamp":"2025-09-07T04:57:17.965Z"}
{"level":"info","message":"MongoDB connected successfully","service":"tradenavigator-api","timestamp":"2025-09-07T04:57:18.679Z"}
{"level":"info","message":"Server running on port 3001 in development mode","service":"tradenavigator-api","timestamp":"2025-09-07T04:57:19.512Z"}
{"level":"info","message":"MongoDB connected successfully","service":"tradenavigator-api","timestamp":"2025-09-07T04:57:20.159Z"}
{"level":"info","message":"MongoDB ping successful","service":"tradenavigator-api","timestamp":"2025-09-07T04:57:20.210Z"}
{"level":"info","message":"POST /api/auth/signin - ::1","service":"tradenavigator-api","timestamp":"2025-09-07T04:58:06.018Z"}
{"level":"info","message":"User signed in: tb123983@gmail.com","service":"tradenavigator-api","timestamp":"2025-09-07T04:58:06.127Z"}
{"level":"info","message":"GET /api/market-intelligence - ::1","service":"tradenavigator-api","timestamp":"2025-09-07T04:58:24.203Z"}
{"level":"info","message":"GET /api/market-intelligence - ::1","service":"tradenavigator-api","timestamp":"2025-09-07T04:58:24.622Z"}
{"level":"info","message":"GET /api/buyers - ::1","service":"tradenavigator-api","timestamp":"2025-09-07T04:58:31.831Z"}
{"level":"info","message":"GET /api/buyers - ::1","service":"tradenavigator-api","timestamp":"2025-09-07T04:58:31.999Z"}
{"level":"info","message":"GET /api/auth/profile - ::1","service":"tradenavigator-api","timestamp":"2025-09-07T05:01:06.619Z"}
{"level":"info","message":"GET /api/auth/profile - ::1","service":"tradenavigator-api","timestamp":"2025-09-07T05:01:06.622Z"}
{"level":"info","message":"GET /api/dashboard/indian - ::1","service":"tradenavigator-api","timestamp":"2025-09-07T05:02:49.598Z"}
{"level":"info","message":"GET /api/relief-schemes - ::1","service":"tradenavigator-api","timestamp":"2025-09-07T05:02:49.600Z"}
{"level":"info","message":"GET /api/dashboard/indian - ::1","service":"tradenavigator-api","timestamp":"2025-09-07T05:02:49.601Z"}
{"level":"info","message":"GET /api/market-intelligence - ::1","service":"tradenavigator-api","timestamp":"2025-09-07T05:02:49.603Z"}
{"level":"info","message":"GET /api/buyers - ::1","service":"tradenavigator-api","timestamp":"2025-09-07T05:02:49.604Z"}
{"level":"info","message":"GET /api/relief-schemes - ::1","service":"tradenavigator-api","timestamp":"2025-09-07T05:02:49.604Z"}
{"level":"info","message":"GET /api/market-intelligence - ::1","service":"tradenavigator-api","timestamp":"2025-09-07T05:02:49.606Z"}
{"level":"info","message":"GET /api/buyers - ::1","service":"tradenavigator-api","timestamp":"2025-09-07T05:02:49.606Z"}
{"level":"info","message":"GET /api/dashboard/indian - ::1","service":"tradenavigator-api","timestamp":"2025-09-07T05:03:44.983Z"}
{"level":"info","message":"GET /api/relief-schemes - ::1","service":"tradenavigator-api","timestamp":"2025-09-07T05:03:44.984Z"}
{"level":"info","message":"GET /api/market-intelligence - ::1","service":"tradenavigator-api","timestamp":"2025-09-07T05:03:44.984Z"}
{"level":"info","message":"GET /api/buyers - ::1","service":"tradenavigator-api","timestamp":"2025-09-07T05:03:44.985Z"}
{"level":"info","message":"GET /api/dashboard/indian - ::1","service":"tradenavigator-api","timestamp":"2025-09-07T05:03:44.986Z"}
{"level":"info","message":"GET /api/relief-schemes - ::1","service":"tradenavigator-api","timestamp":"2025-09-07T05:03:44.986Z"}
{"level":"info","message":"GET /api/market-intelligence - ::1","service":"tradenavigator-api","timestamp":"2025-09-07T05:03:44.987Z"}
{"level":"info","message":"GET /api/buyers - ::1","service":"tradenavigator-api","timestamp":"2025-09-07T05:03:44.987Z"}
{"level":"info","message":"POST /api/auth/signin - ::1","service":"tradenavigator-api","timestamp":"2025-09-07T05:08:01.613Z"}
{"level":"info","message":"User signed in: tb123983@gmail.com","service":"tradenavigator-api","timestamp":"2025-09-07T05:08:01.719Z"}
{"level":"info","message":"GET /api/auth/profile - ::1","service":"tradenavigator-api","timestamp":"2025-09-07T05:08:07.627Z"}
{"level":"info","message":"GET /api/auth/profile - ::1","service":"tradenavigator-api","timestamp":"2025-09-07T05:08:07.629Z"}
{"level":"info","message":"POST /api/auth/signin - ::1","service":"tradenavigator-api","timestamp":"2025-09-07T05:08:57.099Z"}
{"level":"info","message":"User signed in: tb123983@gmail.com","service":"tradenavigator-api","timestamp":"2025-09-07T05:08:57.193Z"}
{"level":"info","message":"GET /api/dashboard/indian - ::1","service":"tradenavigator-api","timestamp":"2025-09-07T05:09:03.091Z"}
{"level":"info","message":"GET /api/relief-schemes - ::1","service":"tradenavigator-api","timestamp":"2025-09-07T05:09:03.093Z"}
{"level":"info","message":"GET /api/market-intelligence - ::1","service":"tradenavigator-api","timestamp":"2025-09-07T05:09:03.094Z"}
{"level":"info","message":"GET /api/buyers - ::1","service":"tradenavigator-api","timestamp":"2025-09-07T05:09:03.095Z"}
{"level":"info","message":"GET /api/buyers - ::1","service":"tradenavigator-api","timestamp":"2025-09-07T05:09:03.427Z"}
{"level":"info","message":"GET /api/dashboard/indian - ::1","service":"tradenavigator-api","timestamp":"2025-09-07T05:09:03.641Z"}
{"level":"info","message":"GET /api/relief-schemes - ::1","service":"tradenavigator-api","timestamp":"2025-09-07T05:09:04.407Z"}
{"level":"info","message":"GET /api/market-intelligence - ::1","service":"tradenavigator-api","timestamp":"2025-09-07T05:09:04.431Z"}
{"level":"info","message":"GET /api/auth/profile - ::1","service":"tradenavigator-api","timestamp":"2025-09-07T05:11:45.523Z"}
{"level":"info","message":"GET /api/auth/profile - ::1","service":"tradenavigator-api","timestamp":"2025-09-07T05:11:45.526Z"}
{"level":"info","message":"POST /api/auth/signin - ::1","service":"tradenavigator-api","timestamp":"2025-09-07T05:11:51.645Z"}
{"level":"info","message":"User signed in: tb123983@gmail.com","service":"tradenavigator-api","timestamp":"2025-09-07T05:11:51.754Z"}
{"level":"info","message":"GET /api/auth/profile - ::1","service":"tradenavigator-api","timestamp":"2025-09-07T05:11:53.989Z"}
{"level":"info","message":"GET /api/auth/profile - ::1","service":"tradenavigator-api","timestamp":"2025-09-07T05:11:53.990Z"}
{"level":"info","message":"POST /api/auth/signin - ::1","service":"tradenavigator-api","timestamp":"2025-09-07T05:12:18.710Z"}
{"level":"info","message":"User signed in: tb123983@gmail.com","service":"tradenavigator-api","timestamp":"2025-09-07T05:12:18.811Z"}
{"level":"info","message":"GET /api/dashboard/indian - ::1","service":"tradenavigator-api","timestamp":"2025-09-07T05:12:24.236Z"}
{"level":"info","message":"GET /api/market-intelligence - ::1","service":"tradenavigator-api","timestamp":"2025-09-07T05:12:24.238Z"}
{"level":"info","message":"GET /api/buyers - ::1","service":"tradenavigator-api","timestamp":"2025-09-07T05:12:24.239Z"}
{"level":"info","message":"GET /api/relief-schemes - ::1","service":"tradenavigator-api","timestamp":"2025-09-07T05:12:24.240Z"}
{"level":"info","message":"GET /api/market-intelligence - ::1","service":"tradenavigator-api","timestamp":"2025-09-07T05:12:24.354Z"}
{"level":"info","message":"GET /api/buyers - ::1","service":"tradenavigator-api","timestamp":"2025-09-07T05:12:24.399Z"}
{"level":"info","message":"GET /api/dashboard/indian - ::1","service":"tradenavigator-api","timestamp":"2025-09-07T05:12:24.516Z"}
{"level":"info","message":"GET /api/relief-schemes - ::1","service":"tradenavigator-api","timestamp":"2025-09-07T05:12:24.887Z"}
{"level":"info","message":"GET /api/auth/profile - ::1","service":"tradenavigator-api","timestamp":"2025-09-07T05:12:39.114Z"}
{"level":"info","message":"GET /api/auth/profile - ::1","service":"tradenavigator-api","timestamp":"2025-09-07T05:12:39.117Z"}
{"level":"info","message":"POST /api/auth/signin - ::1","service":"tradenavigator-api","timestamp":"2025-09-07T05:14:39.305Z"}
{"level":"info","message":"User signed in: tb123983@gmail.com","service":"tradenavigator-api","timestamp":"2025-09-07T05:14:39.400Z"}
{"level":"info","message":"GET /api/dashboard/indian - ::1","service":"tradenavigator-api","timestamp":"2025-09-07T05:14:43.443Z"}
{"level":"info","message":"GET /api/market-intelligence - ::1","service":"tradenavigator-api","timestamp":"2025-09-07T05:14:43.444Z"}
{"level":"info","message":"GET /api/buyers - ::1","service":"tradenavigator-api","timestamp":"2025-09-07T05:14:43.445Z"}
{"level":"info","message":"GET /api/relief-schemes - ::1","service":"tradenavigator-api","timestamp":"2025-09-07T05:14:43.445Z"}
{"level":"info","message":"GET /api/relief-schemes - ::1","service":"tradenavigator-api","timestamp":"2025-09-07T05:14:43.689Z"}
{"level":"info","message":"GET /api/market-intelligence - ::1","service":"tradenavigator-api","timestamp":"2025-09-07T05:14:43.690Z"}
{"level":"info","message":"GET /api/buyers - ::1","service":"tradenavigator-api","timestamp":"2025-09-07T05:14:43.761Z"}
{"level":"info","message":"GET /api/dashboard/indian - ::1","service":"tradenavigator-api","timestamp":"2025-09-07T05:14:43.964Z"}
{"level":"info","message":"GET /api/auth/profile - ::1","service":"tradenavigator-api","timestamp":"2025-09-07T05:15:18.177Z"}
{"level":"info","message":"GET /api/auth/profile - ::1","service":"tradenavigator-api","timestamp":"2025-09-07T05:15:18.186Z"}
{"level":"info","message":"POST /api/auth/signin - ::1","service":"tradenavigator-api","timestamp":"2025-09-07T05:16:18.365Z"}
{"level":"info","message":"User signed in: tb123983@gmail.com","service":"tradenavigator-api","timestamp":"2025-09-07T05:16:18.461Z"}
{"level":"info","message":"GET /api/dashboard/indian - ::1","service":"tradenavigator-api","timestamp":"2025-09-07T05:16:24.653Z"}
{"level":"info","message":"GET /api/market-intelligence - ::1","service":"tradenavigator-api","timestamp":"2025-09-07T05:16:24.654Z"}
{"level":"info","message":"GET /api/buyers - ::1","service":"tradenavigator-api","timestamp":"2025-09-07T05:16:24.655Z"}
{"level":"info","message":"GET /api/relief-schemes - ::1","service":"tradenavigator-api","timestamp":"2025-09-07T05:16:24.656Z"}
{"level":"info","message":"GET /api/relief-schemes - ::1","service":"tradenavigator-api","timestamp":"2025-09-07T05:16:24.776Z"}
{"level":"info","message":"GET /api/market-intelligence - ::1","service":"tradenavigator-api","timestamp":"2025-09-07T05:16:24.788Z"}
{"level":"info","message":"GET /api/buyers - ::1","service":"tradenavigator-api","timestamp":"2025-09-07T05:16:24.827Z"}
{"level":"info","message":"GET /api/dashboard/indian - ::1","service":"tradenavigator-api","timestamp":"2025-09-07T05:16:24.947Z"}
{"level":"info","message":"GET /api/auth/profile - ::1","service":"tradenavigator-api","timestamp":"2025-09-07T05:16:33.878Z"}
{"level":"info","message":"GET /api/auth/profile - ::1","service":"tradenavigator-api","timestamp":"2025-09-07T05:16:33.879Z"}
{"level":"info","message":"POST /api/auth/signin - ::1","service":"tradenavigator-api","timestamp":"2025-09-07T05:16:39.027Z"}
{"level":"info","message":"User signed in: tb123983@gmail.com","service":"tradenavigator-api","timestamp":"2025-09-07T05:16:39.124Z"}
{"level":"info","message":"GET /api/dashboard/indian - ::1","service":"tradenavigator-api","timestamp":"2025-09-07T05:16:41.470Z"}
{"level":"info","message":"GET /api/market-intelligence - ::1","service":"tradenavigator-api","timestamp":"2025-09-07T05:16:41.471Z"}
{"level":"info","message":"GET /api/buyers - ::1","service":"tradenavigator-api","timestamp":"2025-09-07T05:16:41.472Z"}
{"level":"info","message":"GET /api/relief-schemes - ::1","service":"tradenavigator-api","timestamp":"2025-09-07T05:16:41.473Z"}
{"level":"info","message":"GET /api/relief-schemes - ::1","service":"tradenavigator-api","timestamp":"2025-09-07T05:16:41.613Z"}
{"level":"info","message":"GET /api/market-intelligence - ::1","service":"tradenavigator-api","timestamp":"2025-09-07T05:16:41.615Z"}
{"level":"info","message":"GET /api/buyers - ::1","service":"tradenavigator-api","timestamp":"2025-09-07T05:16:41.655Z"}
{"level":"info","message":"GET /api/dashboard/indian - ::1","service":"tradenavigator-api","timestamp":"2025-09-07T05:16:41.773Z"}
{"level":"info","message":"GET /api/buyers - ::1","service":"tradenavigator-api","timestamp":"2025-09-07T05:16:55.860Z"}
{"level":"info","message":"GET /api/buyers - ::1","service":"tradenavigator-api","timestamp":"2025-09-07T05:16:56.020Z"}
{"level":"info","message":"GET /api/auth/profile - ::1","service":"tradenavigator-api","timestamp":"2025-09-07T05:18:51.837Z"}
{"level":"info","message":"GET /api/auth/profile - ::1","service":"tradenavigator-api","timestamp":"2025-09-07T05:18:51.839Z"}
{"level":"info","message":"POST /api/auth/signin - ::1","service":"tradenavigator-api","timestamp":"2025-09-07T05:18:57.214Z"}
{"level":"info","message":"POST /api/auth/signin - ::1","service":"tradenavigator-api","timestamp":"2025-09-07T05:19:03.245Z"}
{"level":"info","message":"POST /api/auth/signup - ::1","service":"tradenavigator-api","timestamp":"2025-09-07T05:19:26.514Z"}
{"level":"info","message":"POST /api/auth/signup - ::1","service":"tradenavigator-api","timestamp":"2025-09-07T05:19:36.978Z"}
{"level":"info","message":"New user registered: tb123983@gmail.com","service":"tradenavigator-api","timestamp":"2025-09-07T05:19:37.134Z"}
{"level":"info","message":"GET /api/dashboard/indian - ::1","service":"tradenavigator-api","timestamp":"2025-09-07T05:19:37.266Z"}
{"level":"info","message":"GET /api/market-intelligence - ::1","service":"tradenavigator-api","timestamp":"2025-09-07T05:19:37.268Z"}
{"level":"info","message":"GET /api/buyers - ::1","service":"tradenavigator-api","timestamp":"2025-09-07T05:19:37.269Z"}
{"level":"info","message":"GET /api/relief-schemes - ::1","service":"tradenavigator-api","timestamp":"2025-09-07T05:19:37.271Z"}
{"level":"info","message":"GET /api/relief-schemes - ::1","service":"tradenavigator-api","timestamp":"2025-09-07T05:19:37.388Z"}
{"level":"info","message":"GET /api/market-intelligence - ::1","service":"tradenavigator-api","timestamp":"2025-09-07T05:19:37.391Z"}
{"level":"info","message":"GET /api/buyers - ::1","service":"tradenavigator-api","timestamp":"2025-09-07T05:19:37.413Z"}
{"level":"info","message":"GET /api/dashboard/indian - ::1","service":"tradenavigator-api","timestamp":"2025-09-07T05:19:37.556Z"}
{"level":"info","message":"GET /api/market-intelligence - ::1","service":"tradenavigator-api","timestamp":"2025-09-07T05:19:47.375Z"}
{"level":"info","message":"GET /api/market-intelligence - ::1","service":"tradenavigator-api","timestamp":"2025-09-07T05:19:47.501Z"}
{"level":"info","message":"GET /api/buyers - ::1","service":"tradenavigator-api","timestamp":"2025-09-07T05:19:49.670Z"}
{"level":"info","message":"Server running on port 3001 in development mode","service":"tradenavigator-api","timestamp":"2025-09-07T05:44:42.697Z"}
{"level":"info","message":"MongoDB connected successfully","service":"tradenavigator-api","timestamp":"2025-09-07T05:44:43.805Z"}
{"level":"info","message":"MongoDB ping successful","service":"tradenavigator-api","timestamp":"2025-09-07T05:44:43.847Z"}
{"level":"info","message":"GET /api/auth/profile - ::1","service":"tradenavigator-api","timestamp":"2025-09-07T05:45:22.095Z"}
{"level":"info","message":"Server running on port 3001 in development mode","service":"tradenavigator-api","timestamp":"2025-09-07T05:46:09.379Z"}
{"level":"info","message":"MongoDB connected successfully","service":"tradenavigator-api","timestamp":"2025-09-07T05:46:10.228Z"}
{"level":"info","message":"MongoDB ping successful","service":"tradenavigator-api","timestamp":"2025-09-07T05:46:10.271Z"}
{"level":"info","message":"POST /api/auth/signin - ::1","service":"tradenavigator-api","timestamp":"2025-09-07T05:46:33.529Z"}
{"level":"info","message":"User signed in: tb123983@gmail.com","service":"tradenavigator-api","timestamp":"2025-09-07T05:46:33.640Z"}
{"level":"info","message":"GET /api/market-intelligence - ::1","service":"tradenavigator-api","timestamp":"2025-09-07T05:46:48.673Z"}
{"level":"info","message":"GET /api/market-intelligence - ::1","service":"tradenavigator-api","timestamp":"2025-09-07T05:46:48.808Z"}
{"level":"info","message":"GET /api/buyers - ::1","service":"tradenavigator-api","timestamp":"2025-09-07T05:47:00.969Z"}
{"level":"info","message":"GET /api/buyers - ::1","service":"tradenavigator-api","timestamp":"2025-09-07T05:47:01.241Z"}
{"level":"info","message":"GET /api/buyers - ::1","service":"tradenavigator-api","timestamp":"2025-09-07T05:48:01.454Z"}
{"level":"info","message":"GET /api/buyers - ::1","service":"tradenavigator-api","timestamp":"2025-09-07T05:48:01.626Z"}
{"level":"info","message":"GET /api/market-intelligence - ::1","service":"tradenavigator-api","timestamp":"2025-09-07T05:48:03.301Z"}
{"level":"info","message":"GET /api/market-intelligence - ::1","service":"tradenavigator-api","timestamp":"2025-09-07T05:48:03.445Z"}
{"level":"info","message":"GET /api/auth/profile - ::1","service":"tradenavigator-api","timestamp":"2025-09-07T05:57:31.986Z"}
{"level":"info","message":"GET /api/auth/profile - ::1","service":"tradenavigator-api","timestamp":"2025-09-07T05:57:31.988Z"}
{"level":"info","message":"POST /api/auth/signin - ::1","service":"tradenavigator-api","timestamp":"2025-09-07T05:57:47.341Z"}
{"level":"info","message":"User signed in: tb123983@gmail.com","service":"tradenavigator-api","timestamp":"2025-09-07T05:57:47.441Z"}
{"level":"info","message":"GET /api/auth/profile - ::1","service":"tradenavigator-api","timestamp":"2025-09-07T05:57:54.722Z"}
{"level":"info","message":"GET /api/auth/profile - ::1","service":"tradenavigator-api","timestamp":"2025-09-07T05:57:54.723Z"}
{"level":"info","message":"POST /api/auth/signin - ::1","service":"tradenavigator-api","timestamp":"2025-09-07T06:04:31.483Z"}
{"level":"info","message":"User signed in: tb123983@gmail.com","service":"tradenavigator-api","timestamp":"2025-09-07T06:04:31.587Z"}
{"level":"info","message":"GET /api/market-intelligence - ::1","service":"tradenavigator-api","timestamp":"2025-09-07T06:04:40.460Z"}
{"level":"info","message":"GET /api/market-intelligence - ::1","service":"tradenavigator-api","timestamp":"2025-09-07T06:04:40.599Z"}
{"level":"info","message":"GET /api/market-intelligence - ::1","service":"tradenavigator-api","timestamp":"2025-09-07T06:07:56.311Z"}
{"level":"info","message":"GET /api/market-intelligence - ::1","service":"tradenavigator-api","timestamp":"2025-09-07T06:07:56.438Z"}
{"level":"info","message":"GET /api/buyers - ::1","service":"tradenavigator-api","timestamp":"2025-09-07T06:09:22.237Z"}
{"level":"info","message":"GET /api/buyers - ::1","service":"tradenavigator-api","timestamp":"2025-09-07T06:09:22.401Z"}
{"level":"info","message":"GET /api/market-intelligence - ::1","service":"tradenavigator-api","timestamp":"2025-09-07T06:09:26.431Z"}
{"level":"info","message":"GET /api/market-intelligence - ::1","service":"tradenavigator-api","timestamp":"2025-09-07T06:09:26.555Z"}
{"level":"info","message":"GET /api/auth/profile - ::1","service":"tradenavigator-api","timestamp":"2025-09-07T06:21:08.106Z"}
{"level":"info","message":"GET /api/auth/profile - ::1","service":"tradenavigator-api","timestamp":"2025-09-07T06:21:08.108Z"}
{"level":"info","message":"Server running on port 3001 in development mode","service":"tradenavigator-api","timestamp":"2025-09-07T06:21:59.992Z"}
{"level":"info","message":"MongoDB connected successfully","service":"tradenavigator-api","timestamp":"2025-09-07T06:22:00.778Z"}
{"level":"info","message":"MongoDB ping successful","service":"tradenavigator-api","timestamp":"2025-09-07T06:22:00.821Z"}
{"level":"info","message":"Server running on port 3008 in development mode","service":"tradenavigator-api","timestamp":"2025-09-07T06:35:17.173Z"}
{"level":"info","message":"MongoDB connected successfully","service":"tradenavigator-api","timestamp":"2025-09-07T06:35:17.891Z"}
{"level":"info","message":"MongoDB ping successful","service":"tradenavigator-api","timestamp":"2025-09-07T06:35:17.930Z"}
{"level":"info","message":"POST /api/auth/signin - ::1","service":"tradenavigator-api","timestamp":"2025-09-07T06:35:48.545Z"}
{"level":"info","message":"Server running on port 3001 in development mode","service":"tradenavigator-api","timestamp":"2025-09-07T06:36:39.988Z"}
{"level":"info","message":"MongoDB connected successfully","service":"tradenavigator-api","timestamp":"2025-09-07T06:36:41.828Z"}
{"level":"info","message":"MongoDB ping successful","service":"tradenavigator-api","timestamp":"2025-09-07T06:36:41.870Z"}
{"level":"info","message":"POST /api/auth/signin - ::1","service":"tradenavigator-api","timestamp":"2025-09-07T06:36:53.609Z"}
{"level":"info","message":"User signed in: tb123983@gmail.com","service":"tradenavigator-api","timestamp":"2025-09-07T06:36:53.932Z"}
{"level":"info","message":"GET /api/auth/profile - ::1","service":"tradenavigator-api","timestamp":"2025-09-07T06:38:34.969Z"}
{"level":"info","message":"GET /api/auth/profile - ::1","service":"tradenavigator-api","timestamp":"2025-09-07T06:38:34.972Z"}
{"level":"info","message":"Server running on port 3001 in development mode","service":"tradenavigator-api","timestamp":"2025-09-07T07:06:30.203Z"}
{"level":"info","message":"MongoDB connected successfully","service":"tradenavigator-api","timestamp":"2025-09-07T07:06:31.374Z"}
{"level":"info","message":"MongoDB ping successful","service":"tradenavigator-api","timestamp":"2025-09-07T07:06:31.414Z"}
{"level":"info","message":"Server running on port 3001 in development mode","service":"tradenavigator-api","timestamp":"2025-09-07T07:07:41.351Z"}
{"level":"info","message":"MongoDB connected successfully","service":"tradenavigator-api","timestamp":"2025-09-07T07:07:42.216Z"}
{"level":"info","message":"MongoDB ping successful","service":"tradenavigator-api","timestamp":"2025-09-07T07:07:42.256Z"}
{"level":"info","message":"Server running on port 3001 in development mode","service":"tradenavigator-api","timestamp":"2025-09-07T07:10:25.614Z"}
{"level":"info","message":"MongoDB connected successfully","service":"tradenavigator-api","timestamp":"2025-09-07T07:10:26.710Z"}
{"level":"info","message":"MongoDB ping successful","service":"tradenavigator-api","timestamp":"2025-09-07T07:10:26.750Z"}
{"level":"info","message":"GET /api/forum/posts?page=1&limit=10 - ::1","service":"tradenavigator-api","timestamp":"2025-09-07T07:20:28.222Z"}
{"level":"error","message":"Auth middleware error: jwt malformed","name":"JsonWebTokenError","service":"tradenavigator-api","stack":"JsonWebTokenError: jwt malformed\n    at module.exports [as verify] (/home/sahnik/Downloads/notoll/backend/node_modules/jsonwebtoken/verify.js:70:17)\n    at authMiddleware (/home/sahnik/Downloads/notoll/backend/middleware/auth.js:17:25)\n    at Layer.handle [as handle_request] (/home/sahnik/Downloads/notoll/backend/node_modules/express/lib/router/layer.js:95:5)\n    at trim_prefix (/home/sahnik/Downloads/notoll/backend/node_modules/express/lib/router/index.js:328:13)\n    at /home/sahnik/Downloads/notoll/backend/node_modules/express/lib/router/index.js:286:9\n    at Function.process_params (/home/sahnik/Downloads/notoll/backend/node_modules/express/lib/router/index.js:346:12)\n    at next (/home/sahnik/Downloads/notoll/backend/node_modules/express/lib/router/index.js:280:10)\n    at /home/sahnik/Downloads/notoll/backend/server.js:74:3\n    at Layer.handle [as handle_request] (/home/sahnik/Downloads/notoll/backend/node_modules/express/lib/router/layer.js:95:5)\n    at trim_prefix (/home/sahnik/Downloads/notoll/backend/node_modules/express/lib/router/index.js:328:13)","timestamp":"2025-09-07T07:20:28.222Z"}
{"level":"info","message":"GET /api/forum/stats - ::1","service":"tradenavigator-api","timestamp":"2025-09-07T07:20:28.225Z"}
{"level":"error","message":"Auth middleware error: jwt malformed","name":"JsonWebTokenError","service":"tradenavigator-api","stack":"JsonWebTokenError: jwt malformed\n    at module.exports [as verify] (/home/sahnik/Downloads/notoll/backend/node_modules/jsonwebtoken/verify.js:70:17)\n    at authMiddleware (/home/sahnik/Downloads/notoll/backend/middleware/auth.js:17:25)\n    at Layer.handle [as handle_request] (/home/sahnik/Downloads/notoll/backend/node_modules/express/lib/router/layer.js:95:5)\n    at trim_prefix (/home/sahnik/Downloads/notoll/backend/node_modules/express/lib/router/index.js:328:13)\n    at /home/sahnik/Downloads/notoll/backend/node_modules/express/lib/router/index.js:286:9\n    at Function.process_params (/home/sahnik/Downloads/notoll/backend/node_modules/express/lib/router/index.js:346:12)\n    at next (/home/sahnik/Downloads/notoll/backend/node_modules/express/lib/router/index.js:280:10)\n    at /home/sahnik/Downloads/notoll/backend/server.js:74:3\n    at Layer.handle [as handle_request] (/home/sahnik/Downloads/notoll/backend/node_modules/express/lib/router/layer.js:95:5)\n    at trim_prefix (/home/sahnik/Downloads/notoll/backend/node_modules/express/lib/router/index.js:328:13)","timestamp":"2025-09-07T07:20:28.225Z"}
{"level":"info","message":"GET /api/forum/categories - ::1","service":"tradenavigator-api","timestamp":"2025-09-07T07:20:28.226Z"}
{"level":"error","message":"Auth middleware error: jwt malformed","name":"JsonWebTokenError","service":"tradenavigator-api","stack":"JsonWebTokenError: jwt malformed\n    at module.exports [as verify] (/home/sahnik/Downloads/notoll/backend/node_modules/jsonwebtoken/verify.js:70:17)\n    at authMiddleware (/home/sahnik/Downloads/notoll/backend/middleware/auth.js:17:25)\n    at Layer.handle [as handle_request] (/home/sahnik/Downloads/notoll/backend/node_modules/express/lib/router/layer.js:95:5)\n    at trim_prefix (/home/sahnik/Downloads/notoll/backend/node_modules/express/lib/router/index.js:328:13)\n    at /home/sahnik/Downloads/notoll/backend/node_modules/express/lib/router/index.js:286:9\n    at Function.process_params (/home/sahnik/Downloads/notoll/backend/node_modules/express/lib/router/index.js:346:12)\n    at next (/home/sahnik/Downloads/notoll/backend/node_modules/express/lib/router/index.js:280:10)\n    at /home/sahnik/Downloads/notoll/backend/server.js:74:3\n    at Layer.handle [as handle_request] (/home/sahnik/Downloads/notoll/backend/node_modules/express/lib/router/layer.js:95:5)\n    at trim_prefix (/home/sahnik/Downloads/notoll/backend/node_modules/express/lib/router/index.js:328:13)","timestamp":"2025-09-07T07:20:28.227Z"}
{"level":"info","message":"GET /api/forum/posts?page=1&limit=10 - ::1","service":"tradenavigator-api","timestamp":"2025-09-07T07:20:28.229Z"}
{"level":"error","message":"Auth middleware error: jwt malformed","name":"JsonWebTokenError","service":"tradenavigator-api","stack":"JsonWebTokenError: jwt malformed\n    at module.exports [as verify] (/home/sahnik/Downloads/notoll/backend/node_modules/jsonwebtoken/verify.js:70:17)\n    at authMiddleware (/home/sahnik/Downloads/notoll/backend/middleware/auth.js:17:25)\n    at Layer.handle [as handle_request] (/home/sahnik/Downloads/notoll/backend/node_modules/express/lib/router/layer.js:95:5)\n    at trim_prefix (/home/sahnik/Downloads/notoll/backend/node_modules/express/lib/router/index.js:328:13)\n    at /home/sahnik/Downloads/notoll/backend/node_modules/express/lib/router/index.js:286:9\n    at Function.process_params (/home/sahnik/Downloads/notoll/backend/node_modules/express/lib/router/index.js:346:12)\n    at next (/home/sahnik/Downloads/notoll/backend/node_modules/express/lib/router/index.js:280:10)\n    at /home/sahnik/Downloads/notoll/backend/server.js:74:3\n    at Layer.handle [as handle_request] (/home/sahnik/Downloads/notoll/backend/node_modules/express/lib/router/layer.js:95:5)\n    at trim_prefix (/home/sahnik/Downloads/notoll/backend/node_modules/express/lib/router/index.js:328:13)","timestamp":"2025-09-07T07:20:28.229Z"}
{"level":"info","message":"GET /api/forum/stats - ::1","service":"tradenavigator-api","timestamp":"2025-09-07T07:20:28.229Z"}
{"level":"error","message":"Auth middleware error: jwt malformed","name":"JsonWebTokenError","service":"tradenavigator-api","stack":"JsonWebTokenError: jwt malformed\n    at module.exports [as verify] (/home/sahnik/Downloads/notoll/backend/node_modules/jsonwebtoken/verify.js:70:17)\n    at authMiddleware (/home/sahnik/Downloads/notoll/backend/middleware/auth.js:17:25)\n    at Layer.handle [as handle_request] (/home/sahnik/Downloads/notoll/backend/node_modules/express/lib/router/layer.js:95:5)\n    at trim_prefix (/home/sahnik/Downloads/notoll/backend/node_modules/express/lib/router/index.js:328:13)\n    at /home/sahnik/Downloads/notoll/backend/node_modules/express/lib/router/index.js:286:9\n    at Function.process_params (/home/sahnik/Downloads/notoll/backend/node_modules/express/lib/router/index.js:346:12)\n    at next (/home/sahnik/Downloads/notoll/backend/node_modules/express/lib/router/index.js:280:10)\n    at /home/sahnik/Downloads/notoll/backend/server.js:74:3\n    at Layer.handle [as handle_request] (/home/sahnik/Downloads/notoll/backend/node_modules/express/lib/router/layer.js:95:5)\n    at trim_prefix (/home/sahnik/Downloads/notoll/backend/node_modules/express/lib/router/index.js:328:13)","timestamp":"2025-09-07T07:20:28.230Z"}
{"level":"info","message":"GET /api/forum/categories - ::1","service":"tradenavigator-api","timestamp":"2025-09-07T07:20:28.231Z"}
{"level":"error","message":"Auth middleware error: jwt malformed","name":"JsonWebTokenError","service":"tradenavigator-api","stack":"JsonWebTokenError: jwt malformed\n    at module.exports [as verify] (/home/sahnik/Downloads/notoll/backend/node_modules/jsonwebtoken/verify.js:70:17)\n    at authMiddleware (/home/sahnik/Downloads/notoll/backend/middleware/auth.js:17:25)\n    at Layer.handle [as handle_request] (/home/sahnik/Downloads/notoll/backend/node_modules/express/lib/router/layer.js:95:5)\n    at trim_prefix (/home/sahnik/Downloads/notoll/backend/node_modules/express/lib/router/index.js:328:13)\n    at /home/sahnik/Downloads/notoll/backend/node_modules/express/lib/router/index.js:286:9\n    at Function.process_params (/home/sahnik/Downloads/notoll/backend/node_modules/express/lib/router/index.js:346:12)\n    at next (/home/sahnik/Downloads/notoll/backend/node_modules/express/lib/router/index.js:280:10)\n    at /home/sahnik/Downloads/notoll/backend/server.js:74:3\n    at Layer.handle [as handle_request] (/home/sahnik/Downloads/notoll/backend/node_modules/express/lib/router/layer.js:95:5)\n    at trim_prefix (/home/sahnik/Downloads/notoll/backend/node_modules/express/lib/router/index.js:328:13)","timestamp":"2025-09-07T07:20:28.231Z"}
{"level":"info","message":"Server running on port 3001 in development mode","service":"tradenavigator-api","timestamp":"2025-09-07T07:20:50.829Z"}
{"level":"info","message":"MongoDB connected successfully","service":"tradenavigator-api","timestamp":"2025-09-07T07:20:52.459Z"}
{"level":"info","message":"MongoDB ping successful","service":"tradenavigator-api","timestamp":"2025-09-07T07:20:52.500Z"}
{"level":"info","message":"GET /api/forum/posts?page=1&limit=10 - ::1","service":"tradenavigator-api","timestamp":"2025-09-07T07:21:01.356Z"}
{"level":"error","message":"Auth middleware error: jwt malformed","name":"JsonWebTokenError","service":"tradenavigator-api","stack":"JsonWebTokenError: jwt malformed\n    at module.exports [as verify] (/home/sahnik/Downloads/notoll/backend/node_modules/jsonwebtoken/verify.js:70:17)\n    at authMiddleware (/home/sahnik/Downloads/notoll/backend/middleware/auth.js:17:25)\n    at Layer.handle [as handle_request] (/home/sahnik/Downloads/notoll/backend/node_modules/express/lib/router/layer.js:95:5)\n    at trim_prefix (/home/sahnik/Downloads/notoll/backend/node_modules/express/lib/router/index.js:328:13)\n    at /home/sahnik/Downloads/notoll/backend/node_modules/express/lib/router/index.js:286:9\n    at Function.process_params (/home/sahnik/Downloads/notoll/backend/node_modules/express/lib/router/index.js:346:12)\n    at next (/home/sahnik/Downloads/notoll/backend/node_modules/express/lib/router/index.js:280:10)\n    at /home/sahnik/Downloads/notoll/backend/server.js:74:3\n    at Layer.handle [as handle_request] (/home/sahnik/Downloads/notoll/backend/node_modules/express/lib/router/layer.js:95:5)\n    at trim_prefix (/home/sahnik/Downloads/notoll/backend/node_modules/express/lib/router/index.js:328:13)","timestamp":"2025-09-07T07:21:01.357Z"}
{"level":"info","message":"GET /api/forum/stats - ::1","service":"tradenavigator-api","timestamp":"2025-09-07T07:21:01.360Z"}
{"level":"error","message":"Auth middleware error: jwt malformed","name":"JsonWebTokenError","service":"tradenavigator-api","stack":"JsonWebTokenError: jwt malformed\n    at module.exports [as verify] (/home/sahnik/Downloads/notoll/backend/node_modules/jsonwebtoken/verify.js:70:17)\n    at authMiddleware (/home/sahnik/Downloads/notoll/backend/middleware/auth.js:17:25)\n    at Layer.handle [as handle_request] (/home/sahnik/Downloads/notoll/backend/node_modules/express/lib/router/layer.js:95:5)\n    at trim_prefix (/home/sahnik/Downloads/notoll/backend/node_modules/express/lib/router/index.js:328:13)\n    at /home/sahnik/Downloads/notoll/backend/node_modules/express/lib/router/index.js:286:9\n    at Function.process_params (/home/sahnik/Downloads/notoll/backend/node_modules/express/lib/router/index.js:346:12)\n    at next (/home/sahnik/Downloads/notoll/backend/node_modules/express/lib/router/index.js:280:10)\n    at /home/sahnik/Downloads/notoll/backend/server.js:74:3\n    at Layer.handle [as handle_request] (/home/sahnik/Downloads/notoll/backend/node_modules/express/lib/router/layer.js:95:5)\n    at trim_prefix (/home/sahnik/Downloads/notoll/backend/node_modules/express/lib/router/index.js:328:13)","timestamp":"2025-09-07T07:21:01.360Z"}
{"level":"info","message":"GET /api/forum/categories - ::1","service":"tradenavigator-api","timestamp":"2025-09-07T07:21:01.362Z"}
{"level":"error","message":"Auth middleware error: jwt malformed","name":"JsonWebTokenError","service":"tradenavigator-api","stack":"JsonWebTokenError: jwt malformed\n    at module.exports [as verify] (/home/sahnik/Downloads/notoll/backend/node_modules/jsonwebtoken/verify.js:70:17)\n    at authMiddleware (/home/sahnik/Downloads/notoll/backend/middleware/auth.js:17:25)\n    at Layer.handle [as handle_request] (/home/sahnik/Downloads/notoll/backend/node_modules/express/lib/router/layer.js:95:5)\n    at trim_prefix (/home/sahnik/Downloads/notoll/backend/node_modules/express/lib/router/index.js:328:13)\n    at /home/sahnik/Downloads/notoll/backend/node_modules/express/lib/router/index.js:286:9\n    at Function.process_params (/home/sahnik/Downloads/notoll/backend/node_modules/express/lib/router/index.js:346:12)\n    at next (/home/sahnik/Downloads/notoll/backend/node_modules/express/lib/router/index.js:280:10)\n    at /home/sahnik/Downloads/notoll/backend/server.js:74:3\n    at Layer.handle [as handle_request] (/home/sahnik/Downloads/notoll/backend/node_modules/express/lib/router/layer.js:95:5)\n    at trim_prefix (/home/sahnik/Downloads/notoll/backend/node_modules/express/lib/router/index.js:328:13)","timestamp":"2025-09-07T07:21:01.362Z"}
{"level":"info","message":"GET /api/forum/posts?page=1&limit=10 - ::1","service":"tradenavigator-api","timestamp":"2025-09-07T07:21:01.364Z"}
{"level":"error","message":"Auth middleware error: jwt malformed","name":"JsonWebTokenError","service":"tradenavigator-api","stack":"JsonWebTokenError: jwt malformed\n    at module.exports [as verify] (/home/sahnik/Downloads/notoll/backend/node_modules/jsonwebtoken/verify.js:70:17)\n    at authMiddleware (/home/sahnik/Downloads/notoll/backend/middleware/auth.js:17:25)\n    at Layer.handle [as handle_request] (/home/sahnik/Downloads/notoll/backend/node_modules/express/lib/router/layer.js:95:5)\n    at trim_prefix (/home/sahnik/Downloads/notoll/backend/node_modules/express/lib/router/index.js:328:13)\n    at /home/sahnik/Downloads/notoll/backend/node_modules/express/lib/router/index.js:286:9\n    at Function.process_params (/home/sahnik/Downloads/notoll/backend/node_modules/express/lib/router/index.js:346:12)\n    at next (/home/sahnik/Downloads/notoll/backend/node_modules/express/lib/router/index.js:280:10)\n    at /home/sahnik/Downloads/notoll/backend/server.js:74:3\n    at Layer.handle [as handle_request] (/home/sahnik/Downloads/notoll/backend/node_modules/express/lib/router/layer.js:95:5)\n    at trim_prefix (/home/sahnik/Downloads/notoll/backend/node_modules/express/lib/router/index.js:328:13)","timestamp":"2025-09-07T07:21:01.364Z"}
{"level":"info","message":"GET /api/forum/stats - ::1","service":"tradenavigator-api","timestamp":"2025-09-07T07:21:01.366Z"}
{"level":"error","message":"Auth middleware error: jwt malformed","name":"JsonWebTokenError","service":"tradenavigator-api","stack":"JsonWebTokenError: jwt malformed\n    at module.exports [as verify] (/home/sahnik/Downloads/notoll/backend/node_modules/jsonwebtoken/verify.js:70:17)\n    at authMiddleware (/home/sahnik/Downloads/notoll/backend/middleware/auth.js:17:25)\n    at Layer.handle [as handle_request] (/home/sahnik/Downloads/notoll/backend/node_modules/express/lib/router/layer.js:95:5)\n    at trim_prefix (/home/sahnik/Downloads/notoll/backend/node_modules/express/lib/router/index.js:328:13)\n    at /home/sahnik/Downloads/notoll/backend/node_modules/express/lib/router/index.js:286:9\n    at Function.process_params (/home/sahnik/Downloads/notoll/backend/node_modules/express/lib/router/index.js:346:12)\n    at next (/home/sahnik/Downloads/notoll/backend/node_modules/express/lib/router/index.js:280:10)\n    at /home/sahnik/Downloads/notoll/backend/server.js:74:3\n    at Layer.handle [as handle_request] (/home/sahnik/Downloads/notoll/backend/node_modules/express/lib/router/layer.js:95:5)\n    at trim_prefix (/home/sahnik/Downloads/notoll/backend/node_modules/express/lib/router/index.js:328:13)","timestamp":"2025-09-07T07:21:01.366Z"}
{"level":"info","message":"GET /api/forum/categories - ::1","service":"tradenavigator-api","timestamp":"2025-09-07T07:21:01.367Z"}
{"level":"error","message":"Auth middleware error: jwt malformed","name":"JsonWebTokenError","service":"tradenavigator-api","stack":"JsonWebTokenError: jwt malformed\n    at module.exports [as verify] (/home/sahnik/Downloads/notoll/backend/node_modules/jsonwebtoken/verify.js:70:17)\n    at authMiddleware (/home/sahnik/Downloads/notoll/backend/middleware/auth.js:17:25)\n    at Layer.handle [as handle_request] (/home/sahnik/Downloads/notoll/backend/node_modules/express/lib/router/layer.js:95:5)\n    at trim_prefix (/home/sahnik/Downloads/notoll/backend/node_modules/express/lib/router/index.js:328:13)\n    at /home/sahnik/Downloads/notoll/backend/node_modules/express/lib/router/index.js:286:9\n    at Function.process_params (/home/sahnik/Downloads/notoll/backend/node_modules/express/lib/router/index.js:346:12)\n    at next (/home/sahnik/Downloads/notoll/backend/node_modules/express/lib/router/index.js:280:10)\n    at /home/sahnik/Downloads/notoll/backend/server.js:74:3\n    at Layer.handle [as handle_request] (/home/sahnik/Downloads/notoll/backend/node_modules/express/lib/router/layer.js:95:5)\n    at trim_prefix (/home/sahnik/Downloads/notoll/backend/node_modules/express/lib/router/index.js:328:13)","timestamp":"2025-09-07T07:21:01.367Z"}
{"level":"info","message":"POST /api/forum/posts - ::1","service":"tradenavigator-api","timestamp":"2025-09-07T07:21:07.605Z"}
{"level":"error","message":"Auth middleware error: jwt malformed","name":"JsonWebTokenError","service":"tradenavigator-api","stack":"JsonWebTokenError: jwt malformed\n    at module.exports [as verify] (/home/sahnik/Downloads/notoll/backend/node_modules/jsonwebtoken/verify.js:70:17)\n    at authMiddleware (/home/sahnik/Downloads/notoll/backend/middleware/auth.js:17:25)\n    at Layer.handle [as handle_request] (/home/sahnik/Downloads/notoll/backend/node_modules/express/lib/router/layer.js:95:5)\n    at trim_prefix (/home/sahnik/Downloads/notoll/backend/node_modules/express/lib/router/index.js:328:13)\n    at /home/sahnik/Downloads/notoll/backend/node_modules/express/lib/router/index.js:286:9\n    at Function.process_params (/home/sahnik/Downloads/notoll/backend/node_modules/express/lib/router/index.js:346:12)\n    at next (/home/sahnik/Downloads/notoll/backend/node_modules/express/lib/router/index.js:280:10)\n    at /home/sahnik/Downloads/notoll/backend/server.js:74:3\n    at Layer.handle [as handle_request] (/home/sahnik/Downloads/notoll/backend/node_modules/express/lib/router/layer.js:95:5)\n    at trim_prefix (/home/sahnik/Downloads/notoll/backend/node_modules/express/lib/router/index.js:328:13)","timestamp":"2025-09-07T07:21:07.605Z"}
{"level":"info","message":"POST /api/forum/posts - ::1","service":"tradenavigator-api","timestamp":"2025-09-07T07:21:09.406Z"}
{"level":"error","message":"Auth middleware error: jwt malformed","name":"JsonWebTokenError","service":"tradenavigator-api","stack":"JsonWebTokenError: jwt malformed\n    at module.exports [as verify] (/home/sahnik/Downloads/notoll/backend/node_modules/jsonwebtoken/verify.js:70:17)\n    at authMiddleware (/home/sahnik/Downloads/notoll/backend/middleware/auth.js:17:25)\n    at Layer.handle [as handle_request] (/home/sahnik/Downloads/notoll/backend/node_modules/express/lib/router/layer.js:95:5)\n    at trim_prefix (/home/sahnik/Downloads/notoll/backend/node_modules/express/lib/router/index.js:328:13)\n    at /home/sahnik/Downloads/notoll/backend/node_modules/express/lib/router/index.js:286:9\n    at Function.process_params (/home/sahnik/Downloads/notoll/backend/node_modules/express/lib/router/index.js:346:12)\n    at next (/home/sahnik/Downloads/notoll/backend/node_modules/express/lib/router/index.js:280:10)\n    at /home/sahnik/Downloads/notoll/backend/server.js:74:3\n    at Layer.handle [as handle_request] (/home/sahnik/Downloads/notoll/backend/node_modules/express/lib/router/layer.js:95:5)\n    at trim_prefix (/home/sahnik/Downloads/notoll/backend/node_modules/express/lib/router/index.js:328:13)","timestamp":"2025-09-07T07:21:09.406Z"}
{"level":"info","message":"POST /api/forum/posts - ::1","service":"tradenavigator-api","timestamp":"2025-09-07T07:21:09.933Z"}
{"level":"error","message":"Auth middleware error: jwt malformed","name":"JsonWebTokenError","service":"tradenavigator-api","stack":"JsonWebTokenError: jwt malformed\n    at module.exports [as verify] (/home/sahnik/Downloads/notoll/backend/node_modules/jsonwebtoken/verify.js:70:17)\n    at authMiddleware (/home/sahnik/Downloads/notoll/backend/middleware/auth.js:17:25)\n    at Layer.handle [as handle_request] (/home/sahnik/Downloads/notoll/backend/node_modules/express/lib/router/layer.js:95:5)\n    at trim_prefix (/home/sahnik/Downloads/notoll/backend/node_modules/express/lib/router/index.js:328:13)\n    at /home/sahnik/Downloads/notoll/backend/node_modules/express/lib/router/index.js:286:9\n    at Function.process_params (/home/sahnik/Downloads/notoll/backend/node_modules/express/lib/router/index.js:346:12)\n    at next (/home/sahnik/Downloads/notoll/backend/node_modules/express/lib/router/index.js:280:10)\n    at /home/sahnik/Downloads/notoll/backend/server.js:74:3\n    at Layer.handle [as handle_request] (/home/sahnik/Downloads/notoll/backend/node_modules/express/lib/router/layer.js:95:5)\n    at trim_prefix (/home/sahnik/Downloads/notoll/backend/node_modules/express/lib/router/index.js:328:13)","timestamp":"2025-09-07T07:21:09.934Z"}
{"level":"info","message":"POST /api/forum/posts - ::1","service":"tradenavigator-api","timestamp":"2025-09-07T07:21:16.519Z"}
{"level":"error","message":"Auth middleware error: jwt malformed","name":"JsonWebTokenError","service":"tradenavigator-api","stack":"JsonWebTokenError: jwt malformed\n    at module.exports [as verify] (/home/sahnik/Downloads/notoll/backend/node_modules/jsonwebtoken/verify.js:70:17)\n    at authMiddleware (/home/sahnik/Downloads/notoll/backend/middleware/auth.js:17:25)\n    at Layer.handle [as handle_request] (/home/sahnik/Downloads/notoll/backend/node_modules/express/lib/router/layer.js:95:5)\n    at trim_prefix (/home/sahnik/Downloads/notoll/backend/node_modules/express/lib/router/index.js:328:13)\n    at /home/sahnik/Downloads/notoll/backend/node_modules/express/lib/router/index.js:286:9\n    at Function.process_params (/home/sahnik/Downloads/notoll/backend/node_modules/express/lib/router/index.js:346:12)\n    at next (/home/sahnik/Downloads/notoll/backend/node_modules/express/lib/router/index.js:280:10)\n    at /home/sahnik/Downloads/notoll/backend/server.js:74:3\n    at Layer.handle [as handle_request] (/home/sahnik/Downloads/notoll/backend/node_modules/express/lib/router/layer.js:95:5)\n    at trim_prefix (/home/sahnik/Downloads/notoll/backend/node_modules/express/lib/router/index.js:328:13)","timestamp":"2025-09-07T07:21:16.519Z"}
{"level":"info","message":"POST /api/forum/posts - ::1","service":"tradenavigator-api","timestamp":"2025-09-07T07:21:17.894Z"}
{"level":"error","message":"Auth middleware error: jwt malformed","name":"JsonWebTokenError","service":"tradenavigator-api","stack":"JsonWebTokenError: jwt malformed\n    at module.exports [as verify] (/home/sahnik/Downloads/notoll/backend/node_modules/jsonwebtoken/verify.js:70:17)\n    at authMiddleware (/home/sahnik/Downloads/notoll/backend/middleware/auth.js:17:25)\n    at Layer.handle [as handle_request] (/home/sahnik/Downloads/notoll/backend/node_modules/express/lib/router/layer.js:95:5)\n    at trim_prefix (/home/sahnik/Downloads/notoll/backend/node_modules/express/lib/router/index.js:328:13)\n    at /home/sahnik/Downloads/notoll/backend/node_modules/express/lib/router/index.js:286:9\n    at Function.process_params (/home/sahnik/Downloads/notoll/backend/node_modules/express/lib/router/index.js:346:12)\n    at next (/home/sahnik/Downloads/notoll/backend/node_modules/express/lib/router/index.js:280:10)\n    at /home/sahnik/Downloads/notoll/backend/server.js:74:3\n    at Layer.handle [as handle_request] (/home/sahnik/Downloads/notoll/backend/node_modules/express/lib/router/layer.js:95:5)\n    at trim_prefix (/home/sahnik/Downloads/notoll/backend/node_modules/express/lib/router/index.js:328:13)","timestamp":"2025-09-07T07:21:17.894Z"}
{"level":"info","message":"POST /api/forum/posts - ::1","service":"tradenavigator-api","timestamp":"2025-09-07T07:21:18.326Z"}
{"level":"error","message":"Auth middleware error: jwt malformed","name":"JsonWebTokenError","service":"tradenavigator-api","stack":"JsonWebTokenError: jwt malformed\n    at module.exports [as verify] (/home/sahnik/Downloads/notoll/backend/node_modules/jsonwebtoken/verify.js:70:17)\n    at authMiddleware (/home/sahnik/Downloads/notoll/backend/middleware/auth.js:17:25)\n    at Layer.handle [as handle_request] (/home/sahnik/Downloads/notoll/backend/node_modules/express/lib/router/layer.js:95:5)\n    at trim_prefix (/home/sahnik/Downloads/notoll/backend/node_modules/express/lib/router/index.js:328:13)\n    at /home/sahnik/Downloads/notoll/backend/node_modules/express/lib/router/index.js:286:9\n    at Function.process_params (/home/sahnik/Downloads/notoll/backend/node_modules/express/lib/router/index.js:346:12)\n    at next (/home/sahnik/Downloads/notoll/backend/node_modules/express/lib/router/index.js:280:10)\n    at /home/sahnik/Downloads/notoll/backend/server.js:74:3\n    at Layer.handle [as handle_request] (/home/sahnik/Downloads/notoll/backend/node_modules/express/lib/router/layer.js:95:5)\n    at trim_prefix (/home/sahnik/Downloads/notoll/backend/node_modules/express/lib/router/index.js:328:13)","timestamp":"2025-09-07T07:21:18.326Z"}
{"level":"info","message":"POST /api/auth/signin - ::1","service":"tradenavigator-api","timestamp":"2025-09-07T07:22:13.861Z"}
{"level":"info","message":"User signed in: tb123983@gmail.com","service":"tradenavigator-api","timestamp":"2025-09-07T07:22:14.931Z"}
{"level":"info","message":"GET /api/buyers - ::1","service":"tradenavigator-api","timestamp":"2025-09-07T07:22:18.497Z"}
{"level":"info","message":"GET /api/buyers - ::1","service":"tradenavigator-api","timestamp":"2025-09-07T07:22:20.811Z"}
{"level":"info","message":"GET /api/buyers - ::1","service":"tradenavigator-api","timestamp":"2025-09-07T07:22:35.515Z"}
{"level":"info","message":"GET /api/buyers - ::1","service":"tradenavigator-api","timestamp":"2025-09-07T07:22:35.681Z"}
{"level":"info","message":"GET /api/buyers - ::1","service":"tradenavigator-api","timestamp":"2025-09-07T07:23:19.570Z"}
{"level":"info","message":"GET /api/buyers - ::1","service":"tradenavigator-api","timestamp":"2025-09-07T07:23:19.732Z"}
{"level":"info","message":"GET /api/auth/profile - ::1","service":"tradenavigator-api","timestamp":"2025-09-07T07:24:07.158Z"}
{"level":"info","message":"GET /api/auth/profile - ::1","service":"tradenavigator-api","timestamp":"2025-09-07T07:24:07.160Z"}
{"level":"info","message":"POST /api/auth/signin - ::1","service":"tradenavigator-api","timestamp":"2025-09-07T07:24:23.174Z"}
{"level":"info","message":"User signed in: tb123983@gmail.com","service":"tradenavigator-api","timestamp":"2025-09-07T07:24:23.275Z"}
{"level":"info","message":"GET /api/buyers - ::1","service":"tradenavigator-api","timestamp":"2025-09-07T07:24:26.056Z"}
{"level":"info","message":"GET /api/buyers - ::1","service":"tradenavigator-api","timestamp":"2025-09-07T07:24:26.234Z"}
{"level":"info","message":"GET /api/auth/profile - ::1","service":"tradenavigator-api","timestamp":"2025-09-07T07:33:23.654Z"}
{"level":"info","message":"GET /api/auth/profile - ::1","service":"tradenavigator-api","timestamp":"2025-09-07T07:33:23.658Z"}
{"level":"info","message":"POST /api/auth/signin - ::1","service":"tradenavigator-api","timestamp":"2025-09-07T07:33:37.176Z"}
{"level":"info","message":"POST /api/auth/signin - ::1","service":"tradenavigator-api","timestamp":"2025-09-07T07:33:40.061Z"}
{"level":"info","message":"POST /api/auth/signin - ::1","service":"tradenavigator-api","timestamp":"2025-09-07T07:33:44.863Z"}
{"level":"info","message":"User signed in: tb123983@gmail.com","service":"tradenavigator-api","timestamp":"2025-09-07T07:33:44.966Z"}
{"level":"info","message":"Server running on port 3001 in development mode","service":"tradenavigator-api","timestamp":"2025-09-07T07:35:04.568Z"}
{"level":"info","message":"MongoDB connected successfully","service":"tradenavigator-api","timestamp":"2025-09-07T07:35:05.633Z"}
{"level":"info","message":"MongoDB ping successful","service":"tradenavigator-api","timestamp":"2025-09-07T07:35:05.672Z"}
{"level":"info","message":"Server running on port 3001 in development mode","service":"tradenavigator-api","timestamp":"2025-09-07T07:35:35.407Z"}
{"level":"info","message":"MongoDB connected successfully","service":"tradenavigator-api","timestamp":"2025-09-07T07:35:35.865Z"}
{"level":"info","message":"MongoDB ping successful","service":"tradenavigator-api","timestamp":"2025-09-07T07:35:35.905Z"}
{"level":"info","message":"Server running on port 3001 in development mode","service":"tradenavigator-api","timestamp":"2025-09-07T07:35:48.060Z"}
{"level":"info","message":"MongoDB connected successfully","service":"tradenavigator-api","timestamp":"2025-09-07T07:35:48.571Z"}
{"level":"info","message":"MongoDB ping successful","service":"tradenavigator-api","timestamp":"2025-09-07T07:35:48.615Z"}
{"level":"info","message":"Server running on port 3001 in development mode","service":"tradenavigator-api","timestamp":"2025-09-07T07:35:54.806Z"}
{"level":"info","message":"MongoDB connected successfully","service":"tradenavigator-api","timestamp":"2025-09-07T07:35:55.295Z"}
{"level":"info","message":"MongoDB ping successful","service":"tradenavigator-api","timestamp":"2025-09-07T07:35:55.340Z"}
{"level":"info","message":"GET /api/auth/profile - ::1","service":"tradenavigator-api","timestamp":"2025-09-07T07:36:49.210Z"}
{"level":"info","message":"GET /api/auth/profile - ::1","service":"tradenavigator-api","timestamp":"2025-09-07T07:36:49.215Z"}
{"level":"info","message":"POST /api/auth/signin - ::1","service":"tradenavigator-api","timestamp":"2025-09-07T07:43:33.197Z"}
{"level":"info","message":"User signed in: tb123983@gmail.com","service":"tradenavigator-api","timestamp":"2025-09-07T07:43:33.310Z"}
{"level":"info","message":"GET /api/buyers - ::1","service":"tradenavigator-api","timestamp":"2025-09-07T07:43:35.111Z"}
{"level":"info","message":"GET /api/buyers - ::1","service":"tradenavigator-api","timestamp":"2025-09-07T07:43:35.288Z"}
{"level":"info","message":"Server running on port 3001 in development mode","service":"tradenavigator-api","timestamp":"2025-09-07T07:46:13.970Z"}
{"level":"info","message":"MongoDB connected successfully","service":"tradenavigator-api","timestamp":"2025-09-07T07:46:14.510Z"}
{"level":"info","message":"MongoDB ping successful","service":"tradenavigator-api","timestamp":"2025-09-07T07:46:14.554Z"}
{"level":"info","message":"Server running on port 3001 in development mode","service":"tradenavigator-api","timestamp":"2025-09-07T07:47:55.852Z"}
{"level":"info","message":"MongoDB connected successfully","service":"tradenavigator-api","timestamp":"2025-09-07T07:47:56.603Z"}
{"level":"info","message":"MongoDB ping successful","service":"tradenavigator-api","timestamp":"2025-09-07T07:47:56.642Z"}
{"level":"info","message":"GET /api/auth/profile - ::1","service":"tradenavigator-api","timestamp":"2025-09-07T07:50:03.105Z"}
{"level":"info","message":"GET /api/auth/profile - ::1","service":"tradenavigator-api","timestamp":"2025-09-07T07:50:03.108Z"}
{"level":"info","message":"POST /api/auth/signin - ::1","service":"tradenavigator-api","timestamp":"2025-09-07T08:10:40.728Z"}
{"level":"info","message":"User signed in: tb123983@gmail.com","service":"tradenavigator-api","timestamp":"2025-09-07T08:10:40.835Z"}
{"level":"info","message":"GET /api/buyers - ::1","service":"tradenavigator-api","timestamp":"2025-09-07T08:11:02.972Z"}
{"level":"info","message":"GET /api/buyers - ::1","service":"tradenavigator-api","timestamp":"2025-09-07T08:11:03.138Z"}
{"level":"info","message":"GET /api/trade/potential-buyers/090111?limit=15 - ::1","service":"tradenavigator-api","timestamp":"2025-09-07T08:11:07.516Z"}
{"level":"info","message":"Fetching Comtrade data: https://comtradeapi.un.org/data/v1/get/C/A/HS?cmdCode=090111&flowCode=M&includeDesc=true&period=2023%2C2022%2C2021","service":"tradenavigator-api","timestamp":"2025-09-07T08:11:07.599Z"}
{"level":"error","message":"Comtrade API error:","service":"tradenavigator-api","timestamp":"2025-09-07T08:11:09.225Z"}
{"level":"error","message":"Error getting potential buyers: Failed to fetch trade data: Request failed with status code 401","service":"tradenavigator-api","stack":"Error: Failed to fetch trade data: Request failed with status code 401\n    at ComtradeService.fetchData (/home/sahnik/Downloads/notoll/backend/services/comtradeService.js:70:13)\n    at process.processTicksAndRejections (node:internal/process/task_queues:105:5)\n    at async ComtradeService.getPotentialBuyers (/home/sahnik/Downloads/notoll/backend/services/comtradeService.js:107:26)\n    at async /home/sahnik/Downloads/notoll/backend/routes/trade.js:19:20","timestamp":"2025-09-07T08:11:09.225Z"}
{"level":"info","message":"GET /api/trade/potential-buyers/090111?limit=15 - ::1","service":"tradenavigator-api","timestamp":"2025-09-07T08:11:09.227Z"}
{"level":"info","message":"Fetching Comtrade data: https://comtradeapi.un.org/data/v1/get/C/A/HS?cmdCode=090111&flowCode=M&includeDesc=true&period=2023%2C2022%2C2021","service":"tradenavigator-api","timestamp":"2025-09-07T08:11:09.305Z"}
{"level":"error","message":"Comtrade API error:","service":"tradenavigator-api","timestamp":"2025-09-07T08:11:09.532Z"}
{"level":"error","message":"Error getting potential buyers: Failed to fetch trade data: Request failed with status code 401","service":"tradenavigator-api","stack":"Error: Failed to fetch trade data: Request failed with status code 401\n    at ComtradeService.fetchData (/home/sahnik/Downloads/notoll/backend/services/comtradeService.js:70:13)\n    at process.processTicksAndRejections (node:internal/process/task_queues:105:5)\n    at async ComtradeService.getPotentialBuyers (/home/sahnik/Downloads/notoll/backend/services/comtradeService.js:107:26)\n    at async /home/sahnik/Downloads/notoll/backend/routes/trade.js:19:20","timestamp":"2025-09-07T08:11:09.533Z"}
{"level":"info","message":"GET /api/auth/profile - ::1","service":"tradenavigator-api","timestamp":"2025-09-07T08:11:49.394Z"}
{"level":"info","message":"GET /api/auth/profile - ::1","service":"tradenavigator-api","timestamp":"2025-09-07T08:11:49.396Z"}
{"level":"info","message":"POST /api/auth/signin - ::1","service":"tradenavigator-api","timestamp":"2025-09-07T08:13:11.966Z"}
{"level":"info","message":"User signed in: tb123983@gmail.com","service":"tradenavigator-api","timestamp":"2025-09-07T08:13:12.063Z"}
{"level":"info","message":"GET /api/buyers - ::1","service":"tradenavigator-api","timestamp":"2025-09-07T08:13:18.074Z"}
{"level":"info","message":"GET /api/buyers - ::1","service":"tradenavigator-api","timestamp":"2025-09-07T08:13:18.229Z"}
{"level":"info","message":"GET /api/trade/potential-buyers/090111?limit=15 - ::1","service":"tradenavigator-api","timestamp":"2025-09-07T08:13:19.302Z"}
{"level":"info","message":"Fetching Comtrade data: https://comtradeapi.un.org/data/v1/get/C/A/HS?cmdCode=090111&flowCode=M&includeDesc=true&period=2023%2C2022%2C2021","service":"tradenavigator-api","timestamp":"2025-09-07T08:13:19.385Z"}
{"level":"error","message":"Comtrade API error:","service":"tradenavigator-api","timestamp":"2025-09-07T08:13:20.501Z"}
{"level":"error","message":"Error getting potential buyers: Failed to fetch trade data: Request failed with status code 401","service":"tradenavigator-api","stack":"Error: Failed to fetch trade data: Request failed with status code 401\n    at ComtradeService.fetchData (/home/sahnik/Downloads/notoll/backend/services/comtradeService.js:70:13)\n    at process.processTicksAndRejections (node:internal/process/task_queues:105:5)\n    at async ComtradeService.getPotentialBuyers (/home/sahnik/Downloads/notoll/backend/services/comtradeService.js:107:26)\n    at async /home/sahnik/Downloads/notoll/backend/routes/trade.js:19:20","timestamp":"2025-09-07T08:13:20.501Z"}
{"level":"info","message":"GET /api/trade/potential-buyers/090111?limit=15 - ::1","service":"tradenavigator-api","timestamp":"2025-09-07T08:13:20.502Z"}
{"level":"info","message":"Fetching Comtrade data: https://comtradeapi.un.org/data/v1/get/C/A/HS?cmdCode=090111&flowCode=M&includeDesc=true&period=2023%2C2022%2C2021","service":"tradenavigator-api","timestamp":"2025-09-07T08:13:20.589Z"}
{"level":"error","message":"Comtrade API error:","service":"tradenavigator-api","timestamp":"2025-09-07T08:13:20.911Z"}
{"level":"error","message":"Error getting potential buyers: Failed to fetch trade data: Request failed with status code 401","service":"tradenavigator-api","stack":"Error: Failed to fetch trade data: Request failed with status code 401\n    at ComtradeService.fetchData (/home/sahnik/Downloads/notoll/backend/services/comtradeService.js:70:13)\n    at process.processTicksAndRejections (node:internal/process/task_queues:105:5)\n    at async ComtradeService.getPotentialBuyers (/home/sahnik/Downloads/notoll/backend/services/comtradeService.js:107:26)\n    at async /home/sahnik/Downloads/notoll/backend/routes/trade.js:19:20","timestamp":"2025-09-07T08:13:20.911Z"}
{"level":"info","message":"GET /api/trade/frequent-buyers-from-india?cmdCode=090111&limit=15 - ::1","service":"tradenavigator-api","timestamp":"2025-09-07T08:13:24.337Z"}
{"level":"info","message":"Fetching Comtrade data: https://comtradeapi.un.org/data/v1/get/C/A/HS?reporterCode=356&flowCode=X&includeDesc=true&period=2023%2C2022%2C2021%2C2020&cmdCode=090111","service":"tradenavigator-api","timestamp":"2025-09-07T08:13:24.417Z"}
{"level":"error","message":"Comtrade API error:","service":"tradenavigator-api","timestamp":"2025-09-07T08:13:24.608Z"}
{"level":"error","message":"Error getting frequent buyers from India: Failed to fetch trade data: Request failed with status code 401","service":"tradenavigator-api","stack":"Error: Failed to fetch trade data: Request failed with status code 401\n    at ComtradeService.fetchData (/home/sahnik/Downloads/notoll/backend/services/comtradeService.js:70:13)\n    at process.processTicksAndRejections (node:internal/process/task_queues:105:5)\n    at async ComtradeService.getFrequentBuyersFromIndia (/home/sahnik/Downloads/notoll/backend/services/comtradeService.js:194:26)\n    at async /home/sahnik/Downloads/notoll/backend/routes/trade.js:57:20","timestamp":"2025-09-07T08:13:24.609Z"}
{"level":"info","message":"GET /api/trade/potential-buyers/090111?limit=15 - ::1","service":"tradenavigator-api","timestamp":"2025-09-07T08:13:26.000Z"}
{"level":"info","message":"Fetching Comtrade data: https://comtradeapi.un.org/data/v1/get/C/A/HS?cmdCode=090111&flowCode=M&includeDesc=true&period=2023%2C2022%2C2021","service":"tradenavigator-api","timestamp":"2025-09-07T08:13:26.076Z"}
{"level":"error","message":"Comtrade API error:","service":"tradenavigator-api","timestamp":"2025-09-07T08:13:26.337Z"}
{"level":"error","message":"Error getting potential buyers: Failed to fetch trade data: Request failed with status code 401","service":"tradenavigator-api","stack":"Error: Failed to fetch trade data: Request failed with status code 401\n    at ComtradeService.fetchData (/home/sahnik/Downloads/notoll/backend/services/comtradeService.js:70:13)\n    at process.processTicksAndRejections (node:internal/process/task_queues:105:5)\n    at async ComtradeService.getPotentialBuyers (/home/sahnik/Downloads/notoll/backend/services/comtradeService.js:107:26)\n    at async /home/sahnik/Downloads/notoll/backend/routes/trade.js:19:20","timestamp":"2025-09-07T08:13:26.337Z"}
{"level":"info","message":"GET /api/buyers - ::1","service":"tradenavigator-api","timestamp":"2025-09-07T08:13:36.350Z"}
{"level":"info","message":"GET /api/buyers - ::1","service":"tradenavigator-api","timestamp":"2025-09-07T08:13:36.510Z"}
{"level":"info","message":"GET /api/auth/profile - ::1","service":"tradenavigator-api","timestamp":"2025-09-07T08:13:54.672Z"}
{"level":"info","message":"GET /api/auth/profile - ::1","service":"tradenavigator-api","timestamp":"2025-09-07T08:13:54.675Z"}
{"level":"info","message":"POST /api/auth/signin - ::1","service":"tradenavigator-api","timestamp":"2025-09-07T08:14:20.815Z"}
{"level":"info","message":"User signed in: tb123983@gmail.com","service":"tradenavigator-api","timestamp":"2025-09-07T08:14:20.912Z"}
{"level":"info","message":"GET /api/forum/posts?page=1&limit=10 - ::1","service":"tradenavigator-api","timestamp":"2025-09-07T08:14:23.236Z"}
{"level":"info","message":"GET /api/forum/stats - ::1","service":"tradenavigator-api","timestamp":"2025-09-07T08:14:23.237Z"}
{"level":"info","message":"GET /api/forum/categories - ::1","service":"tradenavigator-api","timestamp":"2025-09-07T08:14:23.238Z"}
{"level":"info","message":"GET /api/forum/posts?page=1&limit=10 - ::1","service":"tradenavigator-api","timestamp":"2025-09-07T08:14:23.395Z"}
{"level":"info","message":"GET /api/forum/posts?page=1&limit=10 - ::1","service":"tradenavigator-api","timestamp":"2025-09-07T08:14:23.558Z"}
{"level":"info","message":"GET /api/forum/posts?page=1&limit=10 - ::1","service":"tradenavigator-api","timestamp":"2025-09-07T08:14:23.712Z"}
{"level":"info","message":"GET /api/forum/stats - ::1","service":"tradenavigator-api","timestamp":"2025-09-07T08:14:23.827Z"}
{"level":"info","message":"GET /api/forum/categories - ::1","service":"tradenavigator-api","timestamp":"2025-09-07T08:14:23.832Z"}
{"level":"info","message":"POST /api/forum/posts - ::1","service":"tradenavigator-api","timestamp":"2025-09-07T08:14:28.641Z"}
{"level":"info","message":"Server running on port 3001 in development mode","service":"tradenavigator-api","timestamp":"2025-09-07T10:12:36.177Z"}
{"level":"info","message":"MongoDB connected successfully","service":"tradenavigator-api","timestamp":"2025-09-07T10:12:36.987Z"}
{"level":"info","message":"MongoDB ping successful","service":"tradenavigator-api","timestamp":"2025-09-07T10:12:37.032Z"}
{"level":"info","message":"GET /api/auth/profile - ::1","service":"tradenavigator-api","timestamp":"2025-09-07T10:15:52.931Z"}
{"level":"info","message":"GET /api/auth/profile - ::1","service":"tradenavigator-api","timestamp":"2025-09-07T10:15:52.936Z"}
{"level":"info","message":"POST /api/auth/signup - ::1","service":"tradenavigator-api","timestamp":"2025-09-07T10:17:16.473Z"}
{"level":"info","message":"New user registered: sankalpasarkar68@gmail.com","service":"tradenavigator-api","timestamp":"2025-09-07T10:17:16.657Z"}
{"level":"info","message":"GET /api/auth/profile - ::1","service":"tradenavigator-api","timestamp":"2025-09-07T10:17:37.845Z"}
{"level":"info","message":"GET /api/auth/profile - ::1","service":"tradenavigator-api","timestamp":"2025-09-07T10:17:37.848Z"}
{"level":"info","message":"POST /api/auth/signin - ::1","service":"tradenavigator-api","timestamp":"2025-09-07T10:17:51.944Z"}
{"level":"info","message":"User signed in: sankalpasarkar68@gmail.com","service":"tradenavigator-api","timestamp":"2025-09-07T10:17:52.081Z"}
{"level":"info","message":"Server running on port 3001 in development mode","service":"tradenavigator-api","timestamp":"2025-09-07T10:25:47.009Z"}
{"level":"info","message":"MongoDB connected successfully","service":"tradenavigator-api","timestamp":"2025-09-07T10:25:47.946Z"}
{"level":"info","message":"MongoDB ping successful","service":"tradenavigator-api","timestamp":"2025-09-07T10:25:47.998Z"}
{"level":"info","message":"GET /api/auth/profile - ::1","service":"tradenavigator-api","timestamp":"2025-09-07T10:25:51.816Z"}
{"level":"info","message":"GET /api/auth/profile - ::1","service":"tradenavigator-api","timestamp":"2025-09-07T10:25:51.821Z"}
{"level":"info","message":"Server running on port 3001 in development mode","service":"tradenavigator-api","timestamp":"2025-09-07T10:25:57.101Z"}
{"level":"info","message":"MongoDB connected successfully","service":"tradenavigator-api","timestamp":"2025-09-07T10:25:57.974Z"}
{"level":"info","message":"MongoDB ping successful","service":"tradenavigator-api","timestamp":"2025-09-07T10:25:58.025Z"}
{"level":"info","message":"Server running on port 3001 in development mode","service":"tradenavigator-api","timestamp":"2025-09-07T10:26:06.349Z"}
{"level":"info","message":"MongoDB connected successfully","service":"tradenavigator-api","timestamp":"2025-09-07T10:26:07.075Z"}
{"level":"info","message":"MongoDB ping successful","service":"tradenavigator-api","timestamp":"2025-09-07T10:26:07.133Z"}
{"level":"info","message":"Server running on port 3001 in development mode","service":"tradenavigator-api","timestamp":"2025-09-07T10:26:14.386Z"}
{"level":"info","message":"MongoDB connected successfully","service":"tradenavigator-api","timestamp":"2025-09-07T10:26:15.150Z"}
{"level":"info","message":"MongoDB ping successful","service":"tradenavigator-api","timestamp":"2025-09-07T10:26:15.210Z"}
{"level":"info","message":"Server running on port 3001 in development mode","service":"tradenavigator-api","timestamp":"2025-09-07T10:26:21.621Z"}
{"level":"info","message":"MongoDB connected successfully","service":"tradenavigator-api","timestamp":"2025-09-07T10:26:22.267Z"}
{"level":"info","message":"MongoDB ping successful","service":"tradenavigator-api","timestamp":"2025-09-07T10:26:22.312Z"}
{"level":"info","message":"Server running on port 3001 in development mode","service":"tradenavigator-api","timestamp":"2025-09-07T10:26:34.189Z"}
{"level":"info","message":"MongoDB connected successfully","service":"tradenavigator-api","timestamp":"2025-09-07T10:26:34.800Z"}
{"level":"info","message":"MongoDB ping successful","service":"tradenavigator-api","timestamp":"2025-09-07T10:26:34.854Z"}
{"level":"info","message":"Server running on port 3001 in development mode","service":"tradenavigator-api","timestamp":"2025-09-07T10:27:25.552Z"}
{"level":"info","message":"MongoDB connected successfully","service":"tradenavigator-api","timestamp":"2025-09-07T10:27:26.173Z"}
{"level":"info","message":"MongoDB ping successful","service":"tradenavigator-api","timestamp":"2025-09-07T10:27:26.219Z"}
{"level":"info","message":"Server running on port 3001 in development mode","service":"tradenavigator-api","timestamp":"2025-09-07T10:27:39.686Z"}
{"level":"info","message":"MongoDB connected successfully","service":"tradenavigator-api","timestamp":"2025-09-07T10:27:40.432Z"}
{"level":"info","message":"MongoDB ping successful","service":"tradenavigator-api","timestamp":"2025-09-07T10:27:40.480Z"}
{"level":"info","message":"Server running on port 3001 in development mode","service":"tradenavigator-api","timestamp":"2025-09-07T10:27:53.207Z"}
{"level":"info","message":"MongoDB connected successfully","service":"tradenavigator-api","timestamp":"2025-09-07T10:27:53.841Z"}
{"level":"info","message":"MongoDB ping successful","service":"tradenavigator-api","timestamp":"2025-09-07T10:27:53.896Z"}
{"level":"info","message":"Server running on port 3001 in development mode","service":"tradenavigator-api","timestamp":"2025-09-07T10:28:15.296Z"}
{"level":"info","message":"MongoDB connected successfully","service":"tradenavigator-api","timestamp":"2025-09-07T10:28:15.951Z"}
{"level":"info","message":"MongoDB ping successful","service":"tradenavigator-api","timestamp":"2025-09-07T10:28:16.023Z"}
{"level":"info","message":"Server running on port 3001 in development mode","service":"tradenavigator-api","timestamp":"2025-09-07T10:28:23.950Z"}
{"level":"info","message":"MongoDB connected successfully","service":"tradenavigator-api","timestamp":"2025-09-07T10:28:24.614Z"}
{"level":"info","message":"MongoDB ping successful","service":"tradenavigator-api","timestamp":"2025-09-07T10:28:24.665Z"}
{"level":"info","message":"Server running on port 3001 in development mode","service":"tradenavigator-api","timestamp":"2025-09-07T10:28:40.728Z"}
{"level":"info","message":"MongoDB connected successfully","service":"tradenavigator-api","timestamp":"2025-09-07T10:28:41.444Z"}
{"level":"info","message":"MongoDB ping successful","service":"tradenavigator-api","timestamp":"2025-09-07T10:28:41.496Z"}
{"level":"info","message":"Server running on port 3001 in development mode","service":"tradenavigator-api","timestamp":"2025-09-07T10:29:20.515Z"}
{"level":"info","message":"MongoDB connected successfully","service":"tradenavigator-api","timestamp":"2025-09-07T10:29:21.300Z"}
{"level":"info","message":"MongoDB ping successful","service":"tradenavigator-api","timestamp":"2025-09-07T10:29:21.348Z"}
{"level":"info","message":"Server running on port 3001 in development mode","service":"tradenavigator-api","timestamp":"2025-09-07T10:48:35.358Z"}
{"level":"info","message":"MongoDB connected successfully","service":"tradenavigator-api","timestamp":"2025-09-07T10:48:35.981Z"}
{"level":"info","message":"MongoDB ping successful","service":"tradenavigator-api","timestamp":"2025-09-07T10:48:36.033Z"}
{"level":"info","message":"Server running on port 3001 in development mode","service":"tradenavigator-api","timestamp":"2025-09-07T10:55:08.248Z"}
{"level":"info","message":"MongoDB connected successfully","service":"tradenavigator-api","timestamp":"2025-09-07T10:55:08.868Z"}
{"level":"info","message":"MongoDB ping successful","service":"tradenavigator-api","timestamp":"2025-09-07T10:55:08.920Z"}
{"level":"info","message":"Server running on port 3001 in development mode","service":"tradenavigator-api","timestamp":"2025-09-07T10:59:07.336Z"}
{"level":"info","message":"MongoDB connected successfully","service":"tradenavigator-api","timestamp":"2025-09-07T10:59:07.988Z"}
{"level":"info","message":"MongoDB ping successful","service":"tradenavigator-api","timestamp":"2025-09-07T10:59:08.042Z"}
{"level":"info","message":"POST /api/auth/signup - ::1","service":"tradenavigator-api","timestamp":"2025-09-07T11:00:54.462Z"}
{"level":"info","message":"POST /api/auth/signup - ::1","service":"tradenavigator-api","timestamp":"2025-09-07T11:01:02.215Z"}
{"level":"info","message":"New user registered: sankalpasarkar69@gmail.com","service":"tradenavigator-api","timestamp":"2025-09-07T11:01:02.448Z"}
{"level":"info","message":"Server running on port 3001 in development mode","service":"tradenavigator-api","timestamp":"2025-09-07T11:01:14.986Z"}
{"level":"info","message":"MongoDB connected successfully","service":"tradenavigator-api","timestamp":"2025-09-07T11:01:15.627Z"}
{"level":"info","message":"MongoDB ping successful","service":"tradenavigator-api","timestamp":"2025-09-07T11:01:15.673Z"}
{"level":"info","message":"GET /api/auth/profile - ::1","service":"tradenavigator-api","timestamp":"2025-09-07T11:08:28.338Z"}
{"level":"info","message":"GET /api/auth/profile - ::1","service":"tradenavigator-api","timestamp":"2025-09-07T11:08:28.345Z"}
{"level":"info","message":"Server running on port 3001 in development mode","service":"tradenavigator-api","timestamp":"2025-09-07T11:10:18.379Z"}
{"level":"info","message":"MongoDB connected successfully","service":"tradenavigator-api","timestamp":"2025-09-07T11:10:18.993Z"}
{"level":"info","message":"MongoDB ping successful","service":"tradenavigator-api","timestamp":"2025-09-07T11:10:19.041Z"}
{"level":"info","message":"POST /api/auth/signup - ::1","service":"tradenavigator-api","timestamp":"2025-09-07T11:18:06.053Z"}
{"level":"info","message":"New user registered: test@example.com","service":"tradenavigator-api","timestamp":"2025-09-07T11:18:06.249Z"}
{"level":"info","message":"Server running on port 3001 in development mode","service":"tradenavigator-api","timestamp":"2025-09-07T11:18:58.125Z"}
{"level":"info","message":"MongoDB connected successfully","service":"tradenavigator-api","timestamp":"2025-09-07T11:18:58.779Z"}
{"level":"info","message":"MongoDB ping successful","service":"tradenavigator-api","timestamp":"2025-09-07T11:18:58.842Z"}
{"level":"info","message":"GET /api/auth/profile - ::1","service":"tradenavigator-api","timestamp":"2025-09-07T11:24:36.332Z"}
{"level":"info","message":"GET /api/auth/profile - ::1","service":"tradenavigator-api","timestamp":"2025-09-07T11:24:36.341Z"}
{"level":"info","message":"Server running on port 3001 in development mode","service":"tradenavigator-api","timestamp":"2025-09-07T11:33:23.122Z"}
{"level":"info","message":"MongoDB connected successfully","service":"tradenavigator-api","timestamp":"2025-09-07T11:33:23.834Z"}
{"level":"info","message":"MongoDB ping successful","service":"tradenavigator-api","timestamp":"2025-09-07T11:33:23.898Z"}
{"level":"info","message":"Server running on port 3001 in development mode","service":"tradenavigator-api","timestamp":"2025-09-07T11:33:31.659Z"}
{"level":"info","message":"MongoDB connected successfully","service":"tradenavigator-api","timestamp":"2025-09-07T11:33:32.256Z"}
{"level":"info","message":"MongoDB ping successful","service":"tradenavigator-api","timestamp":"2025-09-07T11:33:32.301Z"}
{"level":"info","message":"Server running on port 3001 in development mode","service":"tradenavigator-api","timestamp":"2025-09-07T11:34:15.898Z"}
{"level":"info","message":"MongoDB connected successfully","service":"tradenavigator-api","timestamp":"2025-09-07T11:34:16.489Z"}
{"level":"info","message":"MongoDB ping successful","service":"tradenavigator-api","timestamp":"2025-09-07T11:34:16.542Z"}
{"level":"info","message":"Server running on port 3001 in development mode","service":"tradenavigator-api","timestamp":"2025-09-07T11:34:23.842Z"}
{"level":"info","message":"MongoDB connected successfully","service":"tradenavigator-api","timestamp":"2025-09-07T11:34:24.442Z"}
{"level":"info","message":"MongoDB ping successful","service":"tradenavigator-api","timestamp":"2025-09-07T11:34:24.497Z"}
{"level":"info","message":"POST /api/auth/signin - ::1","service":"tradenavigator-api","timestamp":"2025-09-07T11:34:39.093Z"}
{"level":"info","message":"User signed in: test@example.com","service":"tradenavigator-api","timestamp":"2025-09-07T11:34:39.241Z"}
{"level":"info","message":"GET /api/auth/profile - ::1","service":"tradenavigator-api","timestamp":"2025-09-07T11:34:47.922Z"}
{"level":"info","message":"GET /api/auth/profile - ::1","service":"tradenavigator-api","timestamp":"2025-09-07T11:34:47.997Z"}
{"level":"info","message":"Server running on port 3001 in development mode","service":"tradenavigator-api","timestamp":"2025-09-07T11:35:13.515Z"}
{"level":"info","message":"MongoDB connected successfully","service":"tradenavigator-api","timestamp":"2025-09-07T11:35:14.080Z"}
{"level":"info","message":"MongoDB ping successful","service":"tradenavigator-api","timestamp":"2025-09-07T11:35:14.133Z"}
{"level":"info","message":"POST /api/auth/signin - ::1","service":"tradenavigator-api","timestamp":"2025-09-07T11:35:28.696Z"}
{"level":"info","message":"User signed in: test@example.com","service":"tradenavigator-api","timestamp":"2025-09-07T11:35:28.827Z"}
{"level":"info","message":"GET /api/users/profile - ::1","service":"tradenavigator-api","timestamp":"2025-09-07T11:35:35.516Z"}
{"level":"info","message":"GET /api/users/profile - ::1","service":"tradenavigator-api","timestamp":"2025-09-07T11:35:35.574Z"}
{"level":"info","message":"Server running on port 3001 in development mode","service":"tradenavigator-api","timestamp":"2025-09-07T11:35:42.185Z"}
{"level":"info","message":"MongoDB connected successfully","service":"tradenavigator-api","timestamp":"2025-09-07T11:35:42.800Z"}
{"level":"info","message":"MongoDB ping successful","service":"tradenavigator-api","timestamp":"2025-09-07T11:35:42.850Z"}
{"level":"info","message":"GET /api/users/profile - ::1","service":"tradenavigator-api","timestamp":"2025-09-07T11:36:01.548Z"}
{"level":"info","message":"GET /api/users/profile - ::1","service":"tradenavigator-api","timestamp":"2025-09-07T11:36:01.608Z"}
{"level":"info","message":"GET /api/users/profile - ::1","service":"tradenavigator-api","timestamp":"2025-09-07T11:36:05.761Z"}
{"level":"info","message":"GET /api/users/profile - ::1","service":"tradenavigator-api","timestamp":"2025-09-07T11:36:05.815Z"}
{"level":"info","message":"GET /api/users/profile - ::1","service":"tradenavigator-api","timestamp":"2025-09-07T11:36:25.636Z"}
{"level":"info","message":"GET /api/users/profile - ::1","service":"tradenavigator-api","timestamp":"2025-09-07T11:36:25.693Z"}
{"level":"info","message":"GET /api/users/profile - ::1","service":"tradenavigator-api","timestamp":"2025-09-07T11:37:08.482Z"}
{"level":"info","message":"GET /api/users/profile - ::1","service":"tradenavigator-api","timestamp":"2025-09-07T11:37:08.539Z"}
{"level":"info","message":"GET /api/users/profile - ::1","service":"tradenavigator-api","timestamp":"2025-09-07T11:37:17.169Z"}
{"level":"info","message":"GET /api/users/profile - ::1","service":"tradenavigator-api","timestamp":"2025-09-07T11:37:17.224Z"}
{"level":"info","message":"GET /api/users/profile - ::1","service":"tradenavigator-api","timestamp":"2025-09-07T11:37:40.431Z"}
{"level":"info","message":"GET /api/users/profile - ::1","service":"tradenavigator-api","timestamp":"2025-09-07T11:37:40.485Z"}
{"level":"info","message":"GET /api/users/profile - ::1","service":"tradenavigator-api","timestamp":"2025-09-07T11:37:58.896Z"}
{"level":"info","message":"GET /api/users/profile - ::1","service":"tradenavigator-api","timestamp":"2025-09-07T11:37:58.952Z"}
{"level":"info","message":"GET /api/users/profile - ::1","service":"tradenavigator-api","timestamp":"2025-09-07T11:38:00.109Z"}
{"level":"info","message":"GET /api/users/profile - ::1","service":"tradenavigator-api","timestamp":"2025-09-07T11:38:00.162Z"}
{"level":"info","message":"Server running on port 3001 in development mode","service":"tradenavigator-api","timestamp":"2025-09-07T11:40:29.074Z"}
{"level":"info","message":"MongoDB connected successfully","service":"tradenavigator-api","timestamp":"2025-09-07T11:40:29.770Z"}
{"level":"info","message":"MongoDB ping successful","service":"tradenavigator-api","timestamp":"2025-09-07T11:40:29.826Z"}
{"level":"info","message":"GET /api/users/profile - ::1","service":"tradenavigator-api","timestamp":"2025-09-07T11:41:47.937Z"}
{"level":"info","message":"GET /api/users/profile - ::1","service":"tradenavigator-api","timestamp":"2025-09-07T11:41:48.006Z"}
{"level":"info","message":"GET /api/users/profile - ::1","service":"tradenavigator-api","timestamp":"2025-09-07T11:41:59.454Z"}
{"level":"info","message":"GET /api/users/profile - ::1","service":"tradenavigator-api","timestamp":"2025-09-07T11:41:59.510Z"}
{"level":"info","message":"GET /api/users/profile - ::1","service":"tradenavigator-api","timestamp":"2025-09-07T11:42:12.738Z"}
{"level":"info","message":"GET /api/users/profile - ::1","service":"tradenavigator-api","timestamp":"2025-09-07T11:42:12.802Z"}
{"level":"info","message":"Server running on port 3001 in development mode","service":"tradenavigator-api","timestamp":"2025-09-07T11:42:55.260Z"}
{"level":"info","message":"MongoDB connected successfully","service":"tradenavigator-api","timestamp":"2025-09-07T11:42:55.880Z"}
{"level":"info","message":"MongoDB ping successful","service":"tradenavigator-api","timestamp":"2025-09-07T11:42:55.932Z"}
{"level":"info","message":"PUT /api/users/profile - ::1","service":"tradenavigator-api","timestamp":"2025-09-07T11:46:53.417Z"}
{"level":"info","message":"User 68bd69ee963c5b6b5625103b updated profile","service":"tradenavigator-api","timestamp":"2025-09-07T11:46:53.588Z"}
{"level":"info","message":"PUT /api/users/profile - ::1","service":"tradenavigator-api","timestamp":"2025-09-07T11:46:58.078Z"}
{"level":"info","message":"User 68bd69ee963c5b6b5625103b updated profile","service":"tradenavigator-api","timestamp":"2025-09-07T11:46:58.289Z"}
{"level":"info","message":"GET /api/users/profile - ::1","service":"tradenavigator-api","timestamp":"2025-09-07T11:47:02.368Z"}
{"level":"info","message":"GET /api/users/profile - ::1","service":"tradenavigator-api","timestamp":"2025-09-07T11:47:02.422Z"}
{"level":"info","message":"GET /api/users/profile - ::1","service":"tradenavigator-api","timestamp":"2025-09-07T11:52:53.756Z"}
{"level":"info","message":"GET /api/users/profile - ::1","service":"tradenavigator-api","timestamp":"2025-09-07T11:52:53.811Z"}
{"level":"info","message":"PUT /api/users/profile - ::1","service":"tradenavigator-api","timestamp":"2025-09-07T11:52:59.744Z"}
{"level":"info","message":"User 68bd69ee963c5b6b5625103b updated profile","service":"tradenavigator-api","timestamp":"2025-09-07T11:52:59.923Z"}
